
Chromatic CLI v8.0.0
https://www.chromatic.com/docs/cli

Authenticating with Chromatic
    → Connecting to https://index.chromatic.com
Authenticated with Chromatic
    → Using project token '****************658b'
Retrieving git information
Retrieved git information
    → Commit 'd57639a' on branch 'main'; found 1 parent build
Collecting Storybook metadata
Collected Storybook metadata
    → Storybook 7.5.3 for React; using the @storybook/react-vite builder (7.5.3); supported addons found: Links, Essentials, Interactions, A11y
Initializing build
Initialized build
    → Build 2 initialized
Building your Storybook
    → Running command: npm run build-storybook -- --output-dir /var/folders/pw/h3jk0r153hd0q1nygp25rf4m0000gn/T/chromatic--19799-nrdjTF72yVem
Storybook built in 11 seconds
    → View build log at /Users/hector.a.rodriguez/Documents/Projects/edcds-vite/build-storybook.log
Publish your built Storybook
    → Validating Storybook files
Publishing your built Storybook
    → Retrieving target location
    → Starting publish
    → [                    ] 0%
    → [                    ] 1%
    → [=                   ] 3%
    → [=                   ] 4%
    → [=                   ] 7%
    → [==                  ] 9%
    → [===                 ] 13%
    → [===                 ] 16%
    → [===                 ] 17%
    → [====                ] 18%
    → [====                ] 19%
    → [====                ] 22%
    → [=====               ] 23%
    → [=====               ] 26%
    → [======              ] 28%
    → [======              ] 30%
    → [======              ] 32%
    → [=======             ] 34%
    → [========            ] 38%
    → [========            ] 40%
    → [========            ] 42%
    → [=========           ] 45%
    → [=========           ] 47%
    → [==========          ] 52%
    → [===========         ] 54%
    → [============        ] 60%
    → [=============       ] 65%
    → [=============       ] 67%
    → [==============      ] 68%
    → [==============      ] 70%
    → [==============      ] 71%
    → [===============     ] 73%
    → [===============     ] 74%
    → [===============     ] 75%
    → [===============     ] 76%
    → [================    ] 79%
    → [================    ] 80%
    → [================    ] 82%
    → [=================   ] 85%
    → [==================  ] 88%
    → [==================  ] 90%
    → [=================== ] 93%
    → [=================== ] 97%
    → [====================] 99%
Publish complete in 8 seconds
    → View your Storybook at https://654d09a4436eeb0c90e4bd68-izeycpnitp.chromatic.com
Verifying your Storybook
    → This may take a few minutes
Started build 2
    → View build details at https://www.chromatic.com/build?appId=654d09a4436eeb0c90e4bd68&number=2
Running 8 tests
    → This may take a few minutes
ℹ Speed up Continuous Integration
Your project is linked to GitHub so Chromatic will report results there.
This means you can pass the --exit-once-uploaded flag to skip waiting for build results.
Read more here: https://www.chromatic.com/docs/cli#chromatic-options
    → [===                 ] 1/8  Button › Primary 
    → [=====               ] 2/8  Button › Secondary 
    → [========            ] 3/8  Button › Large 
    → [==========          ] 4/8  Button › Small 
    → [=============       ] 5/8  Header › Logged In 
    → [==================  ] 7/8  Page › Logged Out 
    → [====================] 8/8  Page › Logged In 
✖ Found 3 visual changes: Review the changes at https://www.chromatic.com/build?appId=654d09a4436eeb0c90e4bd68&number=2

ℹ For CI/CD use cases, this command failed with exit code 1
Pass --exit-zero-on-changes to succeed this command regardless of changes.
Pass --auto-accept-changes to succeed and automatically accept any changes.
